
============================================================
[2026-06-16 04:23:59]
Daily Investment Signal | 2026-06-16
----------------------------------------
NASDAQ Price: 744.00
Drawdown: -0.29%
Allocation: 62.5%
YTD Return: 21.5%
----------------------------------------
Action: DCA_BUY
DCA: 100 RMB
Note: Normal market condition, continue DCA.
----------------------------------------

============================================================

[2026-06-16 05:09:30]
Daily Investment Signal | 2026-06-16
----------------------------------------
NASDAQ Price: 744.00
Drawdown: -0.29%
Allocation: 62.6%
YTD Return: 21.5%
----------------------------------------
Action: DCA_BUY
DCA: 100 RMB
Note: Normal market condition, continue DCA.
----------------------------------------

